<?xml version="1.0" encoding="UTF-8"?>
<!-- Generated by org.testng.reporters.JUnitReportReporter -->
<testsuite hostname="DESKTOP-LR02MF8" failures="0" tests="1" name="others.Settings$mapSearch" time="101.737" errors="0" timestamp="2024-07-04T17:27:41 BDT" skipped="0">
  <testcase classname="others.Settings$mapSearch" name="settingCheck" time="101.737"/>
  <system-out/>
</testsuite> <!-- others.Settings$mapSearch -->
