<?xml version="1.0" encoding="UTF-8"?>
<!-- Generated by org.testng.reporters.JUnitReportReporter -->
<testsuite hostname="DESKTOP-LR02MF8" failures="0" tests="1" name="messenger.SnapchatUser$SnapchatStatistics" time="44.071" errors="0" timestamp="2024-06-30T15:15:40 BDT" skipped="0">
  <testcase classname="messenger.SnapchatUser$SnapchatStatistics" name="SnapUserDetails" time="44.071"/>
  <system-out/>
</testsuite> <!-- messenger.SnapchatUser$SnapchatStatistics -->
