<?xml version="1.0" encoding="UTF-8"?>
<!-- Generated by org.testng.reporters.JUnitReportReporter -->
<testsuite hostname="DESKTOP-LR02MF8" failures="0" tests="3" name="testCase.WhatsApp$WhatsApp_stats" time="56.238" errors="0" timestamp="2023-10-03T12:38:31 BDT" skipped="1">
  <testcase classname="testCase.WhatsApp$WhatsApp_stats" name="WA_group" time="26.749"/>
  <system-out/>
  <testcase classname="testCase.WhatsApp$WhatsApp_stats" name="WA_group" time="29.489"/>
  <system-out/>
  <testcase classname="testCase.WhatsApp$WhatsApp_stats" name="WA_stats">
    <skipped/>
  </testcase> <!-- WA_stats -->
  <system-out/>
</testsuite> <!-- testCase.WhatsApp$WhatsApp_stats -->
