<?xml version="1.0" encoding="UTF-8"?>
<!-- Generated by org.testng.reporters.JUnitReportReporter -->
<testsuite hostname="DESKTOP-LR02MF8" failures="0" tests="2" name="testCase.Global_Search$Search_User" time="27.366" errors="0" timestamp="2024-05-26T13:22:47 BDT" skipped="1">
  <testcase classname="testCase.Global_Search$Search_User" name="UserSearching" time="27.366"/>
  <testcase classname="testCase.Global_Search$Search_User" name="CheckAllTabs">
    <skipped/>
  </testcase> <!-- CheckAllTabs -->
</testsuite> <!-- testCase.Global_Search$Search_User -->
