<?xml version="1.0" encoding="UTF-8"?>
<!-- Generated by org.testng.reporters.JUnitReportReporter -->
<testsuite hostname="DESKTOP-LR02MF8" failures="0" tests="6" name="messenger.Snapchat$SnapchatStatistics" time="203.719" errors="0" timestamp="2024-07-04T13:46:17 BDT" skipped="0">
  <testcase classname="messenger.Snapchat$SnapchatStatistics" name="SnapStats" time="17.093"/>
  <system-out/>
  <testcase classname="messenger.Snapchat$SnapchatStatistics" name="SnapMap" time="21.013"/>
  <system-out/>
  <testcase classname="messenger.Snapchat$SnapchatStatistics" name="SnapUser" time="18.953"/>
  <system-out/>
  <testcase classname="messenger.Snapchat$SnapchatStatistics" name="snapchatShows" time="82.256"/>
  <system-out/>
  <testcase classname="messenger.Snapchat$SnapchatStatistics" name="snapchatUser" time="31.195"/>
  <system-out/>
  <testcase classname="messenger.Snapchat$SnapchatStatistics" name="SnapUserDetails" time="33.209"/>
  <system-out/>
</testsuite> <!-- messenger.Snapchat$SnapchatStatistics -->
