<?xml version="1.0" encoding="UTF-8"?>
<!-- Generated by org.testng.reporters.JUnitReportReporter -->
<testsuite hostname="DESKTOP-LR02MF8" failures="0" tests="4" name="loginLogout.Login_Logout" time="51.974" errors="0" timestamp="2024-06-23T19:30:55 BDT" skipped="0">
  <testcase classname="loginLogout.Login_Logout" name="invalidEmail_ValidPassword" time="15.631"/>
  <system-out/>
  <testcase classname="loginLogout.Login_Logout" name="invalidPassword_ValidEmail" time="12.229"/>
  <system-out/>
  <testcase classname="loginLogout.Login_Logout" name="invalidPassword_InvalidEmail" time="12.053"/>
  <system-out/>
  <testcase classname="loginLogout.Login_Logout" name="validPassword_ValidEmail" time="12.061"/>
  <system-out/>
</testsuite> <!-- loginLogout.Login_Logout -->
