<?xml version="1.0" encoding="UTF-8"?>
<!-- Generated by org.testng.reporters.JUnitReportReporter -->
<testsuite hostname="DESKTOP-LR02MF8" failures="0" tests="3" name="forums.ForumUsers$forumTest" time="95.400" errors="0" timestamp="2024-07-04T11:55:02 BDT" skipped="0">
  <testcase classname="forums.ForumUsers$forumTest" name="FirstLogin" time="29.463"/>
  <system-out/>
  <testcase classname="forums.ForumUsers$forumTest" name="forumUserExport" time="41.265"/>
  <system-out/>
  <testcase classname="forums.ForumUsers$forumTest" name="forumUserDetails" time="24.672"/>
  <system-out/>
</testsuite> <!-- forums.ForumUsers$forumTest -->
