<?xml version="1.0" encoding="UTF-8"?>
<!-- Generated by org.testng.reporters.JUnitReportReporter -->
<testsuite hostname="DESKTOP-LR02MF8" failures="0" tests="4" name="messenger.Zalo$ZaloAllPart" time="116.570" errors="0" timestamp="2024-07-04T16:51:07 BDT" skipped="0">
  <testcase classname="messenger.Zalo$ZaloAllPart" name="ZaloStats" time="40.989"/>
  <system-out/>
  <testcase classname="messenger.Zalo$ZaloAllPart" name="ZaloUserFilter" time="24.525"/>
  <system-out/>
  <testcase classname="messenger.Zalo$ZaloAllPart" name="ZaloUserTools" time="23.658"/>
  <system-out/>
  <testcase classname="messenger.Zalo$ZaloAllPart" name="ZaloUserDetails" time="27.398"/>
  <system-out/>
</testsuite> <!-- messenger.Zalo$ZaloAllPart -->
