<?xml version="1.0" encoding="UTF-8"?>
<!-- Generated by org.testng.reporters.JUnitReportReporter -->
<testsuite hostname="DESKTOP-LR02MF8" failures="0" tests="2" name="testCase.SnapchatShows$SnapchatStatistics" time="16.822" errors="0" timestamp="2024-04-23T13:08:17 BDT" skipped="0">
  <testcase classname="testCase.SnapchatShows$SnapchatStatistics" name="SnapchatStatistic" time="11.337"/>
  <testcase classname="testCase.SnapchatShows$SnapchatStatistics" name="SnapUser" time="5.485"/>
</testsuite> <!-- testCase.SnapchatShows$SnapchatStatistics -->
