<?xml version="1.0" encoding="UTF-8"?>
<!-- Generated by org.testng.reporters.JUnitReportReporter -->
<testsuite hostname="RED-ONE" failures="0" tests="1" name="testForCases.OSINT$OSINT_Tools" time="71.685" errors="0" timestamp="2024-07-10T11:53:59 BDT" skipped="0">
  <testcase classname="testForCases.OSINT$OSINT_Tools" name="faceRecognition" time="71.685"/>
  <system-out/>
</testsuite> <!-- testForCases.OSINT$OSINT_Tools -->
