<?xml version="1.0" encoding="UTF-8"?>
<!-- Generated by org.testng.reporters.JUnitReportReporter -->
<testsuite hostname="DESKTOP-LR02MF8" failures="0" tests="1" name="web.Web$forumTest" time="91.650" errors="0" timestamp="2024-07-04T18:49:20 BDT" skipped="0">
  <testcase classname="web.Web$forumTest" name="webSourceCreate" time="91.650"/>
  <system-out/>
</testsuite> <!-- web.Web$forumTest -->
