<?xml version="1.0" encoding="UTF-8"?>
<!-- Generated by org.testng.reporters.JUnitReportReporter -->
<testsuite hostname="DESKTOP-LR02MF8" failures="0" tests="2" name="others.Help$mapSearch" time="33.899" errors="0" timestamp="2024-07-04T16:56:05 BDT" skipped="0">
  <testcase classname="others.Help$mapSearch" name="helpTest" time="10.836"/>
  <system-out/>
  <testcase classname="others.Help$mapSearch" name="FirstLogin" time="23.063"/>
  <system-out/>
</testsuite> <!-- others.Help$mapSearch -->
