<?xml version="1.0" encoding="UTF-8"?>
<!-- Generated by org.testng.reporters.JUnitReportReporter -->
<testsuite hostname="DESKTOP-LR02MF8" failures="0" tests="1" name="messenger.TGCase$TelegramTask" time="36.051" errors="0" timestamp="2024-06-10T12:12:47 BDT" skipped="0">
  <testcase classname="messenger.TGCase$TelegramTask" name="Tg_CreateTask" time="36.051"/>
  <system-out/>
</testsuite> <!-- messenger.TGCase$TelegramTask -->
