<?xml version="1.0" encoding="UTF-8"?>
<!-- Generated by org.testng.reporters.JUnitReportReporter -->
<testsuite hostname="DESKTOP-LR02MF8" failures="0" tests="1" name="messenger.Global_Search$Search_User" time="37.157" errors="0" timestamp="2024-07-04T13:04:54 BDT" skipped="0">
  <testcase classname="messenger.Global_Search$Search_User" name="CheckAllTabs" time="37.157"/>
  <system-out/>
</testsuite> <!-- messenger.Global_Search$Search_User -->
