<?xml version="1.0" encoding="UTF-8"?>
<!-- Generated by org.testng.reporters.JUnitReportReporter -->
<testsuite hostname="DESKTOP-LR02MF8" failures="0" tests="1" name="demoTest.waitForElement$mapSearch" time="21.115" errors="0" timestamp="2024-06-27T16:02:45 BDT" skipped="0">
  <testcase classname="demoTest.waitForElement$mapSearch" name="FirstLogin" time="21.115"/>
  <system-out/>
</testsuite> <!-- demoTest.waitForElement$mapSearch -->
