<?xml version="1.0" encoding="UTF-8"?>
<!-- Generated by org.testng.reporters.JUnitReportReporter -->
<testsuite hostname="DESKTOP-LR02MF8" failures="0" tests="1" name="authenTication.Login_Logout" time="15.162" errors="0" timestamp="2024-07-04T11:34:45 BDT" skipped="0">
  <testcase classname="authenTication.Login_Logout" name="invalidEmail_ValidPassword" time="15.162"/>
  <system-out/>
</testsuite> <!-- authenTication.Login_Logout -->
