<?xml version="1.0" encoding="UTF-8"?>
<!-- Generated by org.testng.reporters.JUnitReportReporter -->
<testsuite hostname="DESKTOP-LR02MF8" failures="0" tests="1" name="messenger.TGCase$TelegramChannels" time="26.552" errors="0" timestamp="2024-06-24T16:52:39 BDT" skipped="0">
  <testcase classname="messenger.TGCase$TelegramChannels" name="Tg_SearchINTG" time="26.552"/>
  <system-out/>
</testsuite> <!-- messenger.TGCase$TelegramChannels -->
