<?xml version="1.0" encoding="UTF-8"?>
<!-- Generated by org.testng.reporters.JUnitReportReporter -->
<testsuite hostname="DESKTOP-LR02MF8" failures="0" tests="1" name="testCase.Telegram$Telegram_search" time="3.830" errors="0" timestamp="2023-09-18T16:45:16 BDT" skipped="0">
  <testcase classname="testCase.Telegram$Telegram_search" name="locatorLearning" time="3.830"/>
  <system-out/>
</testsuite> <!-- testCase.Telegram$Telegram_search -->
