<?xml version="1.0" encoding="UTF-8"?>
<!-- Generated by org.testng.reporters.JUnitReportReporter -->
<testsuite hostname="DESKTOP-LR02MF8" failures="0" tests="5" name="social.YouTube$YouTubeStats" time="138.162" errors="0" timestamp="2024-07-04T18:25:23 BDT" skipped="0">
  <testcase classname="social.YouTube$YouTubeStats" name="FirstLogin" time="13.227"/>
  <system-out/>
  <testcase classname="social.YouTube$YouTubeStats" name="StatsAllTabs" time="46.603"/>
  <system-out/>
  <testcase classname="social.YouTube$YouTubeStats" name="YoutubeVideos" time="27.579"/>
  <system-out/>
  <testcase classname="social.YouTube$YouTubeStats" name="YoutubeChannel" time="30.901"/>
  <system-out/>
  <testcase classname="social.YouTube$YouTubeStats" name="YoutubeGeoSearch" time="19.852"/>
  <system-out/>
</testsuite> <!-- social.YouTube$YouTubeStats -->
