<?xml version="1.0" encoding="UTF-8"?>
<!-- Generated by org.testng.reporters.JUnitReportReporter -->
<testsuite hostname="DESKTOP-LR02MF8" failures="0" tests="9" name="social.TikTok$TikTokStatistics" time="236.849" errors="0" timestamp="2024-07-04T18:08:30 BDT" skipped="0">
  <testcase classname="social.TikTok$TikTokStatistics" name="TikTokStatSrc" time="29.078"/>
  <system-out/>
  <testcase classname="social.TikTok$TikTokStatistics" name="TikTokClickTabs" time="49.223"/>
  <system-out/>
  <testcase classname="social.TikTok$TikTokStatistics" name="HashTagSearch" time="25.795"/>
  <system-out/>
  <testcase classname="social.TikTok$TikTokStatistics" name="HashTagTools" time="29.583"/>
  <system-out/>
  <testcase classname="social.TikTok$TikTokStatistics" name="UserOverviewTools" time="17.892"/>
  <system-out/>
  <testcase classname="social.TikTok$TikTokStatistics" name="UserDetails" time="20.338"/>
  <system-out/>
  <testcase classname="social.TikTok$TikTokStatistics" name="PostFullInfo" time="22.753"/>
  <system-out/>
  <testcase classname="social.TikTok$TikTokStatistics" name="TaskActions" time="16.171"/>
  <system-out/>
  <testcase classname="social.TikTok$TikTokStatistics" name="CreateTask" time="26.016"/>
  <system-out/>
</testsuite> <!-- social.TikTok$TikTokStatistics -->
