<?xml version="1.0" encoding="UTF-8"?>
<!-- Generated by org.testng.reporters.JUnitReportReporter -->
<testsuite hostname="DESKTOP-LR02MF8" failures="0" tests="5" name="social.ClubHouse$ClubHouseStats" time="443.158" errors="0" timestamp="2024-07-04T17:35:47 BDT" skipped="0">
  <testcase classname="social.ClubHouse$ClubHouseStats" name="StatsSearch" time="105.727"/>
  <system-out/>
  <testcase classname="social.ClubHouse$ClubHouseStats" name="UsersTolls" time="62.120"/>
  <system-out/>
  <testcase classname="social.ClubHouse$ClubHouseStats" name="UsersTollsExport" time="89.179"/>
  <system-out/>
  <testcase classname="social.ClubHouse$ClubHouseStats" name="UserDetails" time="133.637"/>
  <system-out/>
  <testcase classname="social.ClubHouse$ClubHouseStats" name="ClubDetails" time="52.495"/>
  <system-out/>
</testsuite> <!-- social.ClubHouse$ClubHouseStats -->
