<?xml version="1.0" encoding="UTF-8"?>
<!-- Generated by org.testng.reporters.JUnitReportReporter -->
<testsuite hostname="DESKTOP-LR02MF8" failures="0" tests="2" name="others.LoginHistory$loginHistory" time="56.945" errors="0" timestamp="2024-07-04T16:57:48 BDT" skipped="0">
  <testcase classname="others.LoginHistory$loginHistory" name="Test" time="21.126"/>
  <system-out/>
  <testcase classname="others.LoginHistory$loginHistory" name="FirstLogin" time="35.819"/>
  <system-out/>
</testsuite> <!-- others.LoginHistory$loginHistory -->
