<?xml version="1.0" encoding="UTF-8"?>
<!-- Generated by org.testng.reporters.JUnitReportReporter -->
<testsuite hostname="DESKTOP-LR02MF8" failures="0" tests="5" name="forums.Forums_Forum$forumDetails" time="200.606" errors="0" timestamp="2024-07-04T11:50:18 BDT" skipped="0">
  <testcase classname="forums.Forums_Forum$forumDetails" name="FirstLogin" time="39.430"/>
  <system-out/>
  <testcase classname="forums.Forums_Forum$forumDetails" name="FirstLogin" time="39.860"/>
  <system-out/>
  <testcase classname="forums.Forums_Forum$forumDetails" name="FirstLogin" time="39.960"/>
  <system-out/>
  <testcase classname="forums.Forums_Forum$forumDetails" name="FirstLogin" time="40.193"/>
  <system-out/>
  <testcase classname="forums.Forums_Forum$forumDetails" name="FirstLogin" time="41.163"/>
  <system-out/>
</testsuite> <!-- forums.Forums_Forum$forumDetails -->
