<?xml version="1.0" encoding="UTF-8"?>
<!-- Generated by org.testng.reporters.JUnitReportReporter -->
<testsuite hostname="RED-ONE" failures="0" tests="1" name="classifiedAds.ClassifiedAdsTest$classAdsTest" time="38.125" errors="0" timestamp="2024-07-11T12:19:47 BDT" skipped="0">
  <testcase classname="classifiedAds.ClassifiedAdsTest$classAdsTest" name="FirstLogin" time="38.125"/>
  <system-out/>
</testsuite> <!-- classifiedAds.ClassifiedAdsTest$classAdsTest -->
