<?xml version="1.0" encoding="UTF-8"?>
<!-- Generated by org.testng.reporters.JUnitReportReporter -->
<testsuite hostname="DESKTOP-LR02MF8" failures="0" tests="1" name="testCase.Hoop$ZaloAllPart" time="9.430" errors="0" timestamp="2023-10-15T15:17:39 BDT" skipped="0">
  <testcase classname="testCase.Hoop$ZaloAllPart" name="ZaloBase" time="9.430"/>
</testsuite> <!-- testCase.Hoop$ZaloAllPart -->
