<?xml version="1.0" encoding="UTF-8"?>
<!-- Generated by org.testng.reporters.JUnitReportReporter -->
<testsuite hostname="DESKTOP-LR02MF8" failures="0" tests="1" name="testCase.TGCase" time="18.782" errors="0" timestamp="2023-10-29T15:45:57 BDT" skipped="0">
  <testcase classname="testCase.TGCase" name="locatorLearning" time="18.782"/>
</testsuite> <!-- testCase.TGCase -->
