<?xml version="1.0" encoding="UTF-8"?>
<!-- Generated by org.testng.reporters.JUnitReportReporter -->
<testsuite hostname="DESKTOP-LR02MF8" failures="0" tests="9" name="messenger.Hoop$HoopStatistics" time="395.392" errors="0" timestamp="2024-07-04T13:12:19 BDT" skipped="0">
  <testcase classname="messenger.Hoop$HoopStatistics" name="HoopStatistic" time="46.102"/>
  <system-out/>
  <testcase classname="messenger.Hoop$HoopStatistics" name="HoopStatClickTab" time="28.792"/>
  <system-out/>
  <testcase classname="messenger.Hoop$HoopStatistics" name="HoopChannelSearch" time="32.784"/>
  <system-out/>
  <testcase classname="messenger.Hoop$HoopStatistics" name="HoopChannelDetails" time="33.695"/>
  <system-out/>
  <testcase classname="messenger.Hoop$HoopStatistics" name="HoopUserOverView" time="28.172"/>
  <system-out/>
  <testcase classname="messenger.Hoop$HoopStatistics" name="HoopUserDetails" time="20.388"/>
  <system-out/>
  <testcase classname="messenger.Hoop$HoopStatistics" name="HoopMessageDetails" time="30.613"/>
  <system-out/>
  <testcase classname="messenger.Hoop$HoopStatistics" name="HoopTagDetails" time="150.264"/>
  <system-out/>
  <testcase classname="messenger.Hoop$HoopStatistics" name="HoopTasksCreate" time="24.582"/>
  <system-out/>
</testsuite> <!-- messenger.Hoop$HoopStatistics -->
