<?xml version="1.0" encoding="UTF-8"?>
<!-- Generated by org.testng.reporters.JUnitReportReporter -->
<testsuite hostname="DESKTOP-LR02MF8" failures="0" tests="1" name="crypto.tonTestCases$login" time="27.774" errors="0" timestamp="2024-07-02T17:44:36 BDT" skipped="0">
  <testcase classname="crypto.tonTestCases$login" name="tonOverview" time="27.774"/>
  <system-out/>
</testsuite> <!-- crypto.tonTestCases$login -->
