<?xml version="1.0" encoding="UTF-8"?>
<!-- Generated by org.testng.reporters.JUnitReportReporter -->
<testsuite hostname="DESKTOP-LR02MF8" failures="0" tests="4" name="forums.Forums_Stats$forumTest" time="21.360" errors="0" timestamp="2024-06-24T10:28:45 BDT" skipped="0">
  <testcase classname="forums.Forums_Stats$forumTest" name="FirstLogin" time="12.097"/>
  <system-out/>
  <testcase classname="forums.Forums_Stats$forumTest" name="ForumStats" time="3.770"/>
  <system-out/>
  <testcase classname="forums.Forums_Stats$forumTest" name="ForumsDetails" time="2.945"/>
  <system-out/>
  <testcase classname="forums.Forums_Stats$forumTest" name="forumMessage" time="2.548"/>
  <system-out/>
</testsuite> <!-- forums.Forums_Stats$forumTest -->
