<?xml version="1.0" encoding="UTF-8"?>
<!-- Generated by org.testng.reporters.JUnitReportReporter -->
<testsuite hostname="DESKTOP-LR02MF8" failures="0" tests="13" name="testForCases.casesTest$Cases" time="621.170" errors="0" timestamp="2024-07-04T18:36:28 BDT" skipped="0">
  <testcase classname="testForCases.casesTest$Cases" name="createNewCase" time="24.505"/>
  <system-out/>
  <testcase classname="testForCases.casesTest$Cases" name="archivedAdd" time="22.396"/>
  <system-out/>
  <testcase classname="testForCases.casesTest$Cases" name="caseProfileDetails" time="112.175"/>
  <system-out/>
  <testcase classname="testForCases.casesTest$Cases" name="CaseCopy" time="27.892"/>
  <system-out/>
  <testcase classname="testForCases.casesTest$Cases" name="deleteCase" time="23.194"/>
  <system-out/>
  <testcase classname="testForCases.casesTest$Cases" name="caseProfile" time="86.422"/>
  <system-out/>
  <testcase classname="testForCases.casesTest$Cases" name="caseStoiredObject" time="30.759"/>
  <system-out/>
  <testcase classname="testForCases.casesTest$Cases" name="caseTask" time="23.959"/>
  <system-out/>
  <testcase classname="testForCases.casesTest$Cases" name="caseNotes" time="86.194"/>
  <system-out/>
  <testcase classname="testForCases.casesTest$Cases" name="caseNetworkGraph" time="29.536"/>
  <system-out/>
  <testcase classname="testForCases.casesTest$Cases" name="caseAddTrigger" time="92.308"/>
  <system-out/>
  <testcase classname="testForCases.casesTest$Cases" name="casesFeed" time="24.722"/>
  <system-out/>
  <testcase classname="testForCases.casesTest$Cases" name="caseWebReader" time="37.108"/>
  <system-out/>
</testsuite> <!-- testForCases.casesTest$Cases -->
