<?xml version="1.0" encoding="UTF-8"?>
<!-- Generated by org.testng.reporters.JUnitReportReporter -->
<testsuite hostname="DESKTOP-LR02MF8" failures="0" tests="1" name="testCase.Telegram$Telegram_module" time="19.774" errors="0" timestamp="2023-09-18T13:47:34 BDT" skipped="0">
  <testcase classname="testCase.Telegram$Telegram_module" name="locatorLearning" time="19.774"/>
  <system-out/>
</testsuite> <!-- testCase.Telegram$Telegram_module -->
