<?xml version="1.0" encoding="UTF-8"?>
<!-- Generated by org.testng.reporters.JUnitReportReporter -->
<testsuite hostname="DESKTOP-LR02MF8" failures="0" tests="1" name="base.DriverSetup$SomeTests" time="0.000" errors="0" timestamp="2023-10-08T13:36:32 BDT" skipped="1">
  <testcase classname="base.DriverSetup$SomeTests" name="someTest" time="0.000">
    <skipped/>
  </testcase> <!-- someTest -->
</testsuite> <!-- base.DriverSetup$SomeTests -->
