<?xml version="1.0" encoding="UTF-8"?>
<!-- Generated by org.testng.reporters.JUnitReportReporter -->
<testsuite hostname="DESKTOP-LR02MF8" failures="0" tests="1" name="testCase.Locator_Learning" time="11.145" errors="0" timestamp="2023-09-17T13:50:01 BDT" skipped="0">
  <testcase classname="testCase.Locator_Learning" name="locatorLearning" time="11.145"/>
  <system-out/>
</testsuite> <!-- testCase.Locator_Learning -->
