<?xml version="1.0" encoding="UTF-8"?>
<!-- Generated by org.testng.reporters.JUnitReportReporter -->
<testsuite hostname="DESKTOP-LR02MF8" failures="0" tests="2" name="others.FrontPageTools$frontPgaeTools" time="53.393" errors="0" timestamp="2024-07-04T16:55:15 BDT" skipped="0">
  <testcase classname="others.FrontPageTools$frontPgaeTools" name="notification" time="20.822"/>
  <system-out/>
  <testcase classname="others.FrontPageTools$frontPgaeTools" name="languageTest" time="32.571"/>
  <system-out/>
</testsuite> <!-- others.FrontPageTools$frontPgaeTools -->
