<?xml version="1.0" encoding="UTF-8"?>
<!-- Generated by org.testng.reporters.JUnitReportReporter -->
<testsuite hostname="DESKTOP-LR02MF8" failures="0" tests="1" name="others.ChangeLog$mapSearch" time="19.234" errors="0" timestamp="2024-07-04T16:54:10 BDT" skipped="0">
  <testcase classname="others.ChangeLog$mapSearch" name="FirstLogin" time="19.234"/>
  <system-out/>
</testsuite> <!-- others.ChangeLog$mapSearch -->
