<?xml version="1.0" encoding="UTF-8"?>
<!-- Generated by org.testng.reporters.JUnitReportReporter -->
<testsuite hostname="DESKTOP-LR02MF8" failures="0" tests="1" name="testForCases.CasesDetails$Cases" time="35.137" errors="0" timestamp="2024-07-02T19:52:35 BDT" skipped="0">
  <testcase classname="testForCases.CasesDetails$Cases" name="createNewCase" time="35.137"/>
  <system-out/>
</testsuite> <!-- testForCases.CasesDetails$Cases -->
