<?xml version="1.0" encoding="UTF-8"?>
<!-- Generated by org.testng.reporters.JUnitReportReporter -->
<testsuite hostname="DESKTOP-LR02MF8" failures="0" tests="3" name="testCase.Hoop$HoopStatistics" time="53.950" errors="0" timestamp="2024-02-05T17:40:35 BDT" skipped="0">
  <testcase classname="testCase.Hoop$HoopStatistics" name="HoopLogin" time="11.217"/>
  <testcase classname="testCase.Hoop$HoopStatistics" name="HoopStatistic" time="24.277"/>
  <testcase classname="testCase.Hoop$HoopStatistics" name="HoopStatClickTab" time="18.456"/>
</testsuite> <!-- testCase.Hoop$HoopStatistics -->
