<?xml version="1.0" encoding="UTF-8"?>
<!-- Generated by org.testng.reporters.JUnitReportReporter -->
<testsuite hostname="RED-ONE" failures="0" tests="5" name="social.Facebook$FacebookDetails" time="284.156" errors="0" timestamp="2024-07-11T13:38:45 BDT" skipped="0">
  <testcase classname="social.Facebook$FacebookDetails" name="FacebookSearch" time="27.655"/>
  <system-out/>
  <testcase classname="social.Facebook$FacebookDetails" name="fbUserDetails" time="41.012"/>
  <system-out/>
  <testcase classname="social.Facebook$FacebookDetails" name="userFaceReco" time="143.575"/>
  <system-out/>
  <testcase classname="social.Facebook$FacebookDetails" name="fbClickTab" time="56.276"/>
  <system-out/>
  <testcase classname="social.Facebook$FacebookDetails" name="fbStats" time="15.638"/>
  <system-out/>
</testsuite> <!-- social.Facebook$FacebookDetails -->
