<?xml version="1.0" encoding="UTF-8"?>
<!-- Generated by org.testng.reporters.JUnitReportReporter -->
<testsuite hostname="DESKTOP-LR02MF8" failures="0" tests="1" name="messenger.Discord$DiscordStatistics" time="31.028" errors="0" timestamp="2024-07-04T12:20:31 BDT" skipped="0">
  <testcase classname="messenger.Discord$DiscordStatistics" name="DiscordDiscoverable" time="31.028"/>
  <system-out/>
</testsuite> <!-- messenger.Discord$DiscordStatistics -->
