<?xml version="1.0" encoding="UTF-8"?>
<!-- Generated by org.testng.reporters.JUnitReportReporter -->
<testsuite hostname="DESKTOP-LR02MF8" failures="0" tests="1" name="messenger.Hoop$HoopMessage" time="11.083" errors="0" timestamp="2024-06-24T11:53:55 BDT" skipped="0">
  <testcase classname="messenger.Hoop$HoopMessage" name="HoopMessageDetails" time="11.083"/>
  <system-out/>
</testsuite> <!-- messenger.Hoop$HoopMessage -->
