<?xml version="1.0" encoding="UTF-8"?>
<!-- Generated by org.testng.reporters.JUnitReportReporter -->
<testsuite hostname="DESKTOP-LR02MF8" failures="0" tests="1" name="testCase.Hoop$HoopMessage" time="11.250" errors="0" timestamp="2024-02-05T17:40:35 BDT" skipped="0">
  <testcase classname="testCase.Hoop$HoopMessage" name="HoopMessageDetails" time="11.250"/>
</testsuite> <!-- testCase.Hoop$HoopMessage -->
