<?xml version="1.0" encoding="UTF-8"?>
<!-- Generated by org.testng.reporters.JUnitReportReporter -->
<testsuite hostname="DESKTOP-LR02MF8" failures="0" tests="3" name="social.Instagram$InstagramModule" time="99.927" errors="0" timestamp="2024-07-04T18:03:34 BDT" skipped="0">
  <testcase classname="social.Instagram$InstagramModule" name="InstaStats" time="25.849"/>
  <system-out/>
  <testcase classname="social.Instagram$InstagramModule" name="InstaSearch" time="37.568"/>
  <system-out/>
  <testcase classname="social.Instagram$InstagramModule" name="InstaUserdetails" time="36.510"/>
  <system-out/>
</testsuite> <!-- social.Instagram$InstagramModule -->
