<?xml version="1.0" encoding="UTF-8"?>
<!-- Generated by org.testng.reporters.JUnitReportReporter -->
<testsuite hostname="DESKTOP-LR02MF8" failures="0" tests="3" name="testCase.SnapchatUser$SnapchatStatistics" time="52.455" errors="0" timestamp="2024-04-23T12:56:43 BDT" skipped="0">
  <testcase classname="testCase.SnapchatUser$SnapchatStatistics" name="SnapchatStatistic" time="9.335"/>
  <testcase classname="testCase.SnapchatUser$SnapchatStatistics" name="SnapUser" time="16.359"/>
  <testcase classname="testCase.SnapchatUser$SnapchatStatistics" name="SnapUserDetails" time="26.761"/>
</testsuite> <!-- testCase.SnapchatUser$SnapchatStatistics -->
