<?xml version="1.0" encoding="UTF-8"?>
<!-- Generated by org.testng.reporters.JUnitReportReporter -->
<testsuite hostname="DESKTOP-LR02MF8" failures="0" tests="2" name="web.WebMonitor_Status$forumTest" time="59.230" errors="0" timestamp="2024-07-04T18:50:33 BDT" skipped="0">
  <testcase classname="web.WebMonitor_Status$forumTest" name="webMonitor" time="38.016"/>
  <system-out/>
  <testcase classname="web.WebMonitor_Status$forumTest" name="webSource" time="21.214"/>
  <system-out/>
</testsuite> <!-- web.WebMonitor_Status$forumTest -->
