<?xml version="1.0" encoding="UTF-8"?>
<!-- Generated by org.testng.reporters.JUnitReportReporter -->
<testsuite hostname="DESKTOP-LR02MF8" failures="0" tests="1" name="testCase.Searching$Search_User" time="37.277" errors="0" timestamp="2023-09-17T17:52:55 BDT" skipped="0">
  <testcase classname="testCase.Searching$Search_User" name="locatorLearning" time="37.277"/>
  <system-out/>
</testsuite> <!-- testCase.Searching$Search_User -->
