<?xml version="1.0" encoding="UTF-8"?>
<!-- Generated by org.testng.reporters.JUnitReportReporter -->
<testsuite hostname="DESKTOP-LR02MF8" failures="0" tests="1" name="testCase.WhatsApp$WA_Tetsting$ExampleTest" time="0.001" errors="0" timestamp="2023-10-05T18:47:12 BDT" skipped="1">
  <testcase classname="testCase.WhatsApp$WA_Tetsting$ExampleTest" name="myTest" time="0.001">
    <skipped/>
  </testcase> <!-- myTest -->
  <system-out/>
</testsuite> <!-- testCase.WhatsApp$WA_Tetsting$ExampleTest -->
