<?xml version="1.0" encoding="UTF-8"?>
<!-- Generated by org.testng.reporters.JUnitReportReporter -->
<testsuite hostname="RED-ONE" failures="0" tests="3" name="authenTication.login_Search_Details" time="40.438" errors="0" timestamp="2024-08-25T08:06:18 BDT" skipped="0">
  <testcase classname="authenTication.login_Search_Details" name="ValidEmail" time="8.803"/>
  <system-out/>
  <testcase classname="authenTication.login_Search_Details" name="searchValue" time="17.659"/>
  <system-out/>
  <testcase classname="authenTication.login_Search_Details" name="mangaDetails" time="13.976"/>
  <system-out/>
</testsuite> <!-- authenTication.login_Search_Details -->
