<?xml version="1.0" encoding="UTF-8"?>
<!-- Generated by org.testng.reporters.JUnitReportReporter -->
<testsuite hostname="DESKTOP-LR02MF8" failures="0" tests="2" name="testCase.WhatsApp$Whatsapp" time="57.325" errors="0" timestamp="2023-10-03T16:45:30 BDT" skipped="1">
  <testcase classname="testCase.WhatsApp$Whatsapp" name="WA_stats" time="57.325"/>
  <system-out/>
  <testcase classname="testCase.WhatsApp$Whatsapp" name="WA_group">
    <skipped/>
  </testcase> <!-- WA_group -->
  <system-out/>
</testsuite> <!-- testCase.WhatsApp$Whatsapp -->
