<?xml version="1.0" encoding="UTF-8"?>
<!-- Generated by org.testng.reporters.JUnitReportReporter -->
<testsuite hostname="DESKTOP-LR02MF8" failures="0" tests="1" name="messenger.TGCase$TelegramStats" time="34.343" errors="0" timestamp="2024-07-04T16:02:08 BDT" skipped="0">
  <testcase classname="messenger.TGCase$TelegramStats" name="SimilarMsgDateRange" time="34.343"/>
  <system-out/>
</testsuite> <!-- messenger.TGCase$TelegramStats -->
