<?xml version="1.0" encoding="UTF-8"?>
<!-- Generated by org.testng.reporters.JUnitReportReporter -->
<testsuite hostname="DESKTOP-LR02MF8" failures="0" tests="1" name="messenger.WhatsApp$WA_Tetsting" time="28.846" errors="0" timestamp="2024-07-04T16:44:10 BDT" skipped="0">
  <testcase classname="messenger.WhatsApp$WA_Tetsting" name="SelectCountry" time="28.846"/>
  <system-out/>
</testsuite> <!-- messenger.WhatsApp$WA_Tetsting -->
