<?xml version="1.0" encoding="UTF-8"?>
<!-- Generated by org.testng.reporters.JUnitReportReporter -->
<testsuite hostname="DESKTOP-LR02MF8" failures="0" tests="2" name="testCase.TGCase$WA_Tetsting" time="19.085" errors="0" timestamp="2023-10-31T13:37:36 BDT" skipped="0">
  <testcase classname="testCase.TGCase$WA_Tetsting" name="Login" time="8.004"/>
  <testcase classname="testCase.TGCase$WA_Tetsting" name="SearchNickname" time="11.081"/>
</testsuite> <!-- testCase.TGCase$WA_Tetsting -->
