<?xml version="1.0" encoding="UTF-8"?>
<!-- Generated by org.testng.reporters.JUnitReportReporter -->
<testsuite hostname="DESKTOP-LR02MF8" failures="0" tests="1" name="others.Map$mapSearch" time="98.591" errors="0" timestamp="2024-07-04T17:10:12 BDT" skipped="0">
  <testcase classname="others.Map$mapSearch" name="FirstLogin" time="98.591"/>
  <system-out/>
</testsuite> <!-- others.Map$mapSearch -->
