<?xml version="1.0" encoding="UTF-8"?>
<!-- Generated by org.testng.reporters.JUnitReportReporter -->
<testsuite hostname="RED-ONE" failures="0" tests="2" name="others.Leaked$mapSearch" time="39.085" errors="0" timestamp="2024-07-11T12:37:26 BDT" skipped="0">
  <testcase classname="others.Leaked$mapSearch" name="leakedEmailLogin" time="20.708"/>
  <system-out/>
  <testcase classname="others.Leaked$mapSearch" name="leakedDomain" time="18.377"/>
  <system-out/>
</testsuite> <!-- others.Leaked$mapSearch -->
