<?xml version="1.0" encoding="UTF-8"?>
<!-- Generated by org.testng.reporters.JUnitReportReporter -->
<testsuite hostname="DESKTOP-LR02MF8" failures="0" tests="1" name="forums.Topic_Goods_Status$forumTest" time="37.784" errors="0" timestamp="2024-07-04T12:14:48 BDT" skipped="0">
  <testcase classname="forums.Topic_Goods_Status$forumTest" name="ForumsTopic" time="37.784"/>
  <system-out/>
</testsuite> <!-- forums.Topic_Goods_Status$forumTest -->
