<?xml version="1.0" encoding="UTF-8"?>
<!-- Generated by org.testng.reporters.JUnitReportReporter -->
<testsuite hostname="DESKTOP-LR02MF8" failures="0" tests="3" name="testCase.Hoop$HoopStats" time="24.888" errors="0" timestamp="2023-10-15T16:07:41 BDT" skipped="1">
  <testcase classname="testCase.Hoop$HoopStats" name="HoopLogin" time="8.869"/>
  <testcase classname="testCase.Hoop$HoopStats" name="HoopStatClickTab" time="16.019"/>
  <testcase classname="testCase.Hoop$HoopStats" name="HoopStatistics">
    <skipped/>
  </testcase> <!-- HoopStatistics -->
</testsuite> <!-- testCase.Hoop$HoopStats -->
