<?xml version="1.0" encoding="UTF-8"?>
<!-- Generated by org.testng.reporters.JUnitReportReporter -->
<testsuite hostname="DESKTOP-LR02MF8" failures="0" tests="1" name="crypto.tonTestCases" time="20.579" errors="0" timestamp="2024-07-04T16:52:08 BDT" skipped="0">
  <testcase classname="crypto.tonTestCases" name="tonBlocks" time="20.579"/>
  <system-out/>
</testsuite> <!-- crypto.tonTestCases -->
