<?xml version="1.0" encoding="UTF-8"?>
<!-- Generated by org.testng.reporters.JUnitReportReporter -->
<testsuite hostname="DESKTOP-LR02MF8" failures="0" tests="3" name="forums.Forums_Stats_Message$forumTest" time="65.871" errors="0" timestamp="2024-07-04T11:51:42 BDT" skipped="0">
  <testcase classname="forums.Forums_Stats_Message$forumTest" name="FirstLogin" time="13.780"/>
  <system-out/>
  <testcase classname="forums.Forums_Stats_Message$forumTest" name="ForumStats" time="17.155"/>
  <system-out/>
  <testcase classname="forums.Forums_Stats_Message$forumTest" name="forumMessage" time="34.936"/>
  <system-out/>
</testsuite> <!-- forums.Forums_Stats_Message$forumTest -->
