<?xml version="1.0" encoding="UTF-8"?>
<!-- Generated by org.testng.reporters.JUnitReportReporter -->
<testsuite hostname="DESKTOP-LR02MF8" failures="0" tests="14" name="social.Twitter$XModule" time="514.641" errors="0" timestamp="2024-07-04T18:18:47 BDT" skipped="0">
  <testcase classname="social.Twitter$XModule" name="XStats" time="40.797"/>
  <system-out/>
  <testcase classname="social.Twitter$XModule" name="XStatsSearch" time="17.441"/>
  <system-out/>
  <testcase classname="social.Twitter$XModule" name="XHashTag" time="17.979"/>
  <system-out/>
  <testcase classname="social.Twitter$XModule" name="XHashTagTools" time="27.390"/>
  <system-out/>
  <testcase classname="social.Twitter$XModule" name="XHashTagPage" time="18.459"/>
  <system-out/>
  <testcase classname="social.Twitter$XModule" name="XHashTagSearch" time="18.733"/>
  <system-out/>
  <testcase classname="social.Twitter$XModule" name="XUserTools" time="52.404"/>
  <system-out/>
  <testcase classname="social.Twitter$XModule" name="XUserSearch" time="28.476"/>
  <system-out/>
  <testcase classname="social.Twitter$XModule" name="XUserOverview" time="28.631"/>
  <system-out/>
  <testcase classname="social.Twitter$XModule" name="XUserAccountsTools" time="35.736"/>
  <system-out/>
  <testcase classname="social.Twitter$XModule" name="XUserFaceRecognition" time="139.378"/>
  <system-out/>
  <testcase classname="social.Twitter$XModule" name="XUserTweets" time="34.382"/>
  <system-out/>
  <testcase classname="social.Twitter$XModule" name="XUserFollowing" time="25.007"/>
  <system-out/>
  <testcase classname="social.Twitter$XModule" name="XUserTasks" time="29.828"/>
  <system-out/>
</testsuite> <!-- social.Twitter$XModule -->
