<?xml version="1.0" encoding="UTF-8"?>
<!-- Generated by org.testng.reporters.JUnitReportReporter -->
<testsuite hostname="DESKTOP-LR02MF8" failures="0" tests="1" name="testCase.Snapchat$SnapchatMap" time="8.759" errors="0" timestamp="2023-11-02T12:29:50 BDT" skipped="0">
  <testcase classname="testCase.Snapchat$SnapchatMap" name="SnapchatStatistic" time="8.759"/>
</testsuite> <!-- testCase.Snapchat$SnapchatMap -->
