<?xml version="1.0" encoding="UTF-8"?>
<!-- Generated by org.testng.reporters.JUnitReportReporter -->
<testsuite hostname="RED-ONE" failures="0" tests="1" name="authenTication.loginWithValidCredentials" time="11.408" errors="0" timestamp="2024-08-25T06:30:44 BDT" skipped="0">
  <testcase classname="authenTication.loginWithValidCredentials" name="ValidEmail" time="11.408"/>
  <system-out/>
</testsuite> <!-- authenTication.loginWithValidCredentials -->
