<?xml version="1.0" encoding="UTF-8"?>
<!-- Generated by org.testng.reporters.JUnitReportReporter -->
<testsuite hostname="DESKTOP-LR02MF8" failures="0" tests="6" name="testCase.TGCase$TelegramStats" time="84.311" errors="0" timestamp="2024-05-26T13:34:47 BDT" skipped="0">
  <testcase classname="testCase.TGCase$TelegramStats" name="Tg_stats" time="11.447"/>
  <testcase classname="testCase.TGCase$TelegramStats" name="TG_Stats_Tabs" time="31.815"/>
  <testcase classname="testCase.TGCase$TelegramStats" name="TGStats_SrcName" time="8.856"/>
  <testcase classname="testCase.TGCase$TelegramStats" name="TGStats_SrcId" time="8.114"/>
  <testcase classname="testCase.TGCase$TelegramStats" name="TGStats_SrcChannel" time="11.987"/>
  <testcase classname="testCase.TGCase$TelegramStats" name="TGStats_SrcUser" time="12.092"/>
</testsuite> <!-- testCase.TGCase$TelegramStats -->
