<?xml version="1.0" encoding="UTF-8"?>
<!-- Generated by org.testng.reporters.JUnitReportReporter -->
<testsuite hostname="DESKTOP-LR02MF8" failures="0" tests="5" name="testCase.WhatsApp$TesTing" time="60.670" errors="0" timestamp="2023-10-04T11:21:55 BDT" skipped="1">
  <testcase classname="testCase.WhatsApp$TesTing" name="Login" time="7.574"/>
  <system-out/>
  <testcase classname="testCase.WhatsApp$TesTing" name="WA_stats1" time="14.275"/>
  <system-out/>
  <testcase classname="testCase.WhatsApp$TesTing" name="ClickAllTabs" time="31.205"/>
  <system-out/>
  <testcase classname="testCase.WhatsApp$TesTing" name="SearchCountryName" time="7.616"/>
  <system-out/>
  <testcase classname="testCase.WhatsApp$TesTing" name="Group">
    <skipped/>
  </testcase> <!-- Group -->
  <system-out/>
</testsuite> <!-- testCase.WhatsApp$TesTing -->
