<?xml version="1.0" encoding="UTF-8"?>
<!-- Generated by org.testng.reporters.JUnitReportReporter -->
<testsuite hostname="DESKTOP-LR02MF8" failures="0" tests="3" name="social.Tokopedia$login" time="71.257" errors="0" timestamp="2024-07-04T18:09:56 BDT" skipped="0">
  <testcase classname="social.Tokopedia$login" name="InstaStats" time="16.965"/>
  <system-out/>
  <testcase classname="social.Tokopedia$login" name="tokoUser" time="30.465"/>
  <system-out/>
  <testcase classname="social.Tokopedia$login" name="tokoUserDetails" time="23.827"/>
  <system-out/>
</testsuite> <!-- social.Tokopedia$login -->
